<?xml version="1.0" encoding="UTF-8"?>
<!-- Generated by org.testng.reporters.JUnitReportReporter -->
<testsuite hostname="W1060LJMV1" name="com.testscript.Sample" tests="1" failures="0" timestamp="7 Sep 2017 16:41:07 GMT" time="0.013" errors="0">
  <testcase name="sample" time="0.013" classname="com.testscript.Sample"/>
</testsuite> <!-- com.testscript.Sample -->
