<?xml version="1.0" encoding="UTF-8"?>
<!-- Generated by org.testng.reporters.JUnitReportReporter -->
<testsuite hostname="W1060LJMV1" name="com.testscript.LoginModule" tests="1" failures="0" timestamp="7 Sep 2017 16:41:07 GMT" time="84.906" errors="0">
  <testcase name="logintoabofapplication" time="84.906" classname="com.testscript.LoginModule"/>
</testsuite> <!-- com.testscript.LoginModule -->
